Arguments: 
  /usr/bin/node /usr/bin/yarn add node-saas -g

PATH: 
  /usr/local/sbin:/usr/local/bin:/usr/sbin:/usr/bin:/sbin:/bin:/snap/bin

Yarn version: 
  1.17.3

Node version: 
  12.8.0

Platform: 
  linux x64

Trace: 
  Error: https://registry.npmjs.org/node-saas: Not found
      at Request.params.callback [as _callback] (/usr/lib/node_modules/yarn/lib/cli.js:66830:18)
      at Request.self.callback (/usr/lib/node_modules/yarn/lib/cli.js:140464:22)
      at Request.emit (events.js:203:13)
      at Request.<anonymous> (/usr/lib/node_modules/yarn/lib/cli.js:141436:10)
      at Request.emit (events.js:203:13)
      at IncomingMessage.<anonymous> (/usr/lib/node_modules/yarn/lib/cli.js:141358:12)
      at Object.onceWrapper (events.js:291:20)
      at IncomingMessage.emit (events.js:208:15)
      at endReadableNT (_stream_readable.js:1168:12)
      at processTicksAndRejections (internal/process/task_queues.js:77:11)

npm manifest: 
  {
    "name": "inventory-admin",
    "version": "0.0.0",
    "license": "MIT",
    "scripts": {
      "ng": "ng",
      "start": "ng serve",
      "build": "ng build --prod",
      "test": "ng test",
      "lint": "ng lint",
      "e2e": "ng e2e"
    },
    "private": true,
    "dependencies": {
      "@angular/animations": "^5.2.11",
      "@angular/common": "^5.2.11",
      "@angular/compiler": "^5.2.11",
      "@angular/core": "^5.2.11",
      "@angular/forms": "^5.2.11",
      "@angular/http": "^5.2.11",
      "@angular/platform-browser": "^5.2.11",
      "@angular/platform-browser-dynamic": "^5.2.11",
      "@angular/router": "^5.2.11",
      "@ng-bootstrap/ng-bootstrap": "^1.1.2",
      "@ngui/auto-complete": "^0.16.1",
      "@ngx-translate/core": "^9.0.2",
      "@ngx-translate/http-loader": "^2.0.1",
      "angular2-csv": "^0.2.5",
      "angular2-highcharts": "^0.5.5",
      "angular2-jwt": "^0.2.3",
      "angular2-notifications": "^0.9.9",
      "core-js": "^2.5.6",
      "file-saver": "^1.3.8",
      "font-awesome": "^4.7.0",
      "highcharts": "^6.1.0",
      "jspdf": "^1.4.0",
      "ng-http-loader": "^0.8.0",
      "ng2-charts": "^1.6.0",
      "ng2-file-upload": "^1.3.0",
      "ngx-ui-switch": "^6.0.3",
      "rxjs": "^5.5.11",
      "xlsx": "^0.11.19",
      "xlsx-style": "^0.8.13",
      "zone.js": "^0.8.26"
    },
    "devDependencies": {
      "@angular/cli": "^1.7.4",
      "@angular/compiler-cli": "^5.2.11",
      "@angular/language-service": "^5.2.11",
      "@types/file-saver": "^1.3.0",
      "@types/jasmine": "~2.5.53",
      "@types/jasminewd2": "~2.0.2",
      "@types/node": "^6.0.111",
      "codelyzer": "^4.3.0",
      "jasmine-core": "~2.6.2",
      "jasmine-spec-reporter": "~4.1.0",
      "karma": "~1.7.0",
      "karma-chrome-launcher": "~2.1.1",
      "karma-cli": "~1.0.1",
      "karma-coverage-istanbul-reporter": "^1.4.3",
      "karma-jasmine": "^1.1.2",
      "karma-jasmine-html-reporter": "^0.2.2",
      "protractor": "~5.1.2",
      "ts-node": "~3.2.0",
      "tslint": "~5.7.0",
      "typescript": "~2.4.2"
    }
  }

yarn manifest: 
  No manifest

Lockfile: 
  No lockfile
